Determining if the pthread_create exist failed with the following output:
Change Dir: /home/yasen/Programming/FMI-2017-2018/SDP/LinkedList/cmake-build-debug/CMakeFiles/CMakeTmp

Run Build Command:"/usr/bin/make" "cmTC_340c5/fast"
/usr/bin/make -f CMakeFiles/cmTC_340c5.dir/build.make CMakeFiles/cmTC_340c5.dir/build
make[1]: Entering directory '/home/yasen/Programming/FMI-2017-2018/SDP/LinkedList/cmake-build-debug/CMakeFiles/CMakeTmp'
Building C object CMakeFiles/cmTC_340c5.dir/CheckSymbolExists.c.o
/usr/bin/cc    -o CMakeFiles/cmTC_340c5.dir/CheckSymbolExists.c.o   -c /home/yasen/Programming/FMI-2017-2018/SDP/LinkedList/cmake-build-debug/CMakeFiles/CMakeTmp/CheckSymbolExists.c
Linking C executable cmTC_340c5
/home/yasen/Installs/clion-2017.3.3/bin/cmake/bin/cmake -E cmake_link_script CMakeFiles/cmTC_340c5.dir/link.txt --verbose=1
/usr/bin/cc      -rdynamic CMakeFiles/cmTC_340c5.dir/CheckSymbolExists.c.o  -o cmTC_340c5 
CMakeFiles/cmTC_340c5.dir/CheckSymbolExists.c.o: In function `main':
CheckSymbolExists.c:(.text+0x16): undefined reference to `pthread_create'
collect2: error: ld returned 1 exit status
CMakeFiles/cmTC_340c5.dir/build.make:97: recipe for target 'cmTC_340c5' failed
make[1]: *** [cmTC_340c5] Error 1
make[1]: Leaving directory '/home/yasen/Programming/FMI-2017-2018/SDP/LinkedList/cmake-build-debug/CMakeFiles/CMakeTmp'
Makefile:126: recipe for target 'cmTC_340c5/fast' failed
make: *** [cmTC_340c5/fast] Error 2

File /home/yasen/Programming/FMI-2017-2018/SDP/LinkedList/cmake-build-debug/CMakeFiles/CMakeTmp/CheckSymbolExists.c:
/* */
#include <pthread.h>

int main(int argc, char** argv)
{
  (void)argv;
#ifndef pthread_create
  return ((int*)(&pthread_create))[argc];
#else
  (void)argc;
  return 0;
#endif
}

